Determining if the pthread_create exist failed with the following output:
Change Dir: /media/niuniumaomao/stuff/niuniumaomao/classes/SFND_Lidar_Obstacle_Detection/src/quiz/cluster/build/CMakeFiles/CMakeTmp

Run Build Command:"/usr/bin/make" "cmTC_bf659/fast"
/usr/bin/make -f CMakeFiles/cmTC_bf659.dir/build.make CMakeFiles/cmTC_bf659.dir/build
make[1]: Entering directory '/media/niuniumaomao/stuff/niuniumaomao/classes/SFND_Lidar_Obstacle_Detection/src/quiz/cluster/build/CMakeFiles/CMakeTmp'
Building C object CMakeFiles/cmTC_bf659.dir/CheckSymbolExists.c.o
/usr/bin/cc     -o CMakeFiles/cmTC_bf659.dir/CheckSymbolExists.c.o   -c /media/niuniumaomao/stuff/niuniumaomao/classes/SFND_Lidar_Obstacle_Detection/src/quiz/cluster/build/CMakeFiles/CMakeTmp/CheckSymbolExists.c
Linking C executable cmTC_bf659
/usr/bin/cmake -E cmake_link_script CMakeFiles/cmTC_bf659.dir/link.txt --verbose=1
/usr/bin/cc       CMakeFiles/cmTC_bf659.dir/CheckSymbolExists.c.o  -o cmTC_bf659 -rdynamic 
CMakeFiles/cmTC_bf659.dir/CheckSymbolExists.c.o: In function `main':
CheckSymbolExists.c:(.text+0x16): undefined reference to `pthread_create'
collect2: error: ld returned 1 exit status
CMakeFiles/cmTC_bf659.dir/build.make:97: recipe for target 'cmTC_bf659' failed
make[1]: *** [cmTC_bf659] Error 1
make[1]: Leaving directory '/media/niuniumaomao/stuff/niuniumaomao/classes/SFND_Lidar_Obstacle_Detection/src/quiz/cluster/build/CMakeFiles/CMakeTmp'
Makefile:126: recipe for target 'cmTC_bf659/fast' failed
make: *** [cmTC_bf659/fast] Error 2

File /media/niuniumaomao/stuff/niuniumaomao/classes/SFND_Lidar_Obstacle_Detection/src/quiz/cluster/build/CMakeFiles/CMakeTmp/CheckSymbolExists.c:
/* */
#include <pthread.h>

int main(int argc, char** argv)
{
  (void)argv;
#ifndef pthread_create
  return ((int*)(&pthread_create))[argc];
#else
  (void)argc;
  return 0;
#endif
}

Determining if the function pthread_create exists in the pthreads failed with the following output:
Change Dir: /media/niuniumaomao/stuff/niuniumaomao/classes/SFND_Lidar_Obstacle_Detection/src/quiz/cluster/build/CMakeFiles/CMakeTmp

Run Build Command:"/usr/bin/make" "cmTC_d0333/fast"
/usr/bin/make -f CMakeFiles/cmTC_d0333.dir/build.make CMakeFiles/cmTC_d0333.dir/build
make[1]: Entering directory '/media/niuniumaomao/stuff/niuniumaomao/classes/SFND_Lidar_Obstacle_Detection/src/quiz/cluster/build/CMakeFiles/CMakeTmp'
Building C object CMakeFiles/cmTC_d0333.dir/CheckFunctionExists.c.o
/usr/bin/cc    -DCHECK_FUNCTION_EXISTS=pthread_create   -o CMakeFiles/cmTC_d0333.dir/CheckFunctionExists.c.o   -c /usr/share/cmake-3.5/Modules/CheckFunctionExists.c
Linking C executable cmTC_d0333
/usr/bin/cmake -E cmake_link_script CMakeFiles/cmTC_d0333.dir/link.txt --verbose=1
/usr/bin/cc   -DCHECK_FUNCTION_EXISTS=pthread_create    CMakeFiles/cmTC_d0333.dir/CheckFunctionExists.c.o  -o cmTC_d0333 -rdynamic -lpthreads 
/usr/bin/ld: cannot find -lpthreads
collect2: error: ld returned 1 exit status
CMakeFiles/cmTC_d0333.dir/build.make:97: recipe for target 'cmTC_d0333' failed
make[1]: *** [cmTC_d0333] Error 1
make[1]: Leaving directory '/media/niuniumaomao/stuff/niuniumaomao/classes/SFND_Lidar_Obstacle_Detection/src/quiz/cluster/build/CMakeFiles/CMakeTmp'
Makefile:126: recipe for target 'cmTC_d0333/fast' failed
make: *** [cmTC_d0333/fast] Error 2


